<?xml version="1.0" encoding="UTF-8"?>
<testsuite name="cl.uchile.dcc.citricliquid.model.board.BosspanelTest" tests="3" skipped="0" failures="0" errors="0" timestamp="2022-06-07T19:01:15" hostname="LAPTOP-3BHKT9FC" time="0.009">
  <properties/>
  <testcase name="constructorTest()" classname="cl.uchile.dcc.citricliquid.model.board.BosspanelTest" time="0.001"/>
  <testcase name="bossEncounterTest()" classname="cl.uchile.dcc.citricliquid.model.board.BosspanelTest" time="0.007"/>
  <testcase name="testEquals()" classname="cl.uchile.dcc.citricliquid.model.board.BosspanelTest" time="0.0"/>
  <system-out><![CDATA[Player encounters a boss!
]]></system-out>
  <system-err><![CDATA[]]></system-err>
</testsuite>
