<?xml version="1.0" encoding="UTF-8"?>
<testsuite name="cl.uchile.dcc.citricliquid.model.board.DrawpanelTest" tests="3" skipped="0" failures="0" errors="0" timestamp="2022-06-07T19:01:15" hostname="LAPTOP-3BHKT9FC" time="0.004">
  <properties/>
  <testcase name="constructorTest()" classname="cl.uchile.dcc.citricliquid.model.board.DrawpanelTest" time="0.001"/>
  <testcase name="drawCardTest()" classname="cl.uchile.dcc.citricliquid.model.board.DrawpanelTest" time="0.001"/>
  <testcase name="testEquals()" classname="cl.uchile.dcc.citricliquid.model.board.DrawpanelTest" time="0.001"/>
  <system-out><![CDATA[Player draws card from deck
]]></system-out>
  <system-err><![CDATA[]]></system-err>
</testsuite>
